<?xml version="1.0" encoding="UTF-8"?>
<!-- Generated by org.testng.reporters.JUnitReportReporter -->
<testsuite hostname="BLR1-LTBPKSX52" name="DN_GUI.DB_shclog_withdrawal" tests="1" failures="0" timestamp="7 May 2020 10:34:45 GMT" time="1.945" errors="0">
  <testcase name="ist_DB" time="1.945" classname="DN_GUI.DB_shclog_withdrawal"/>
</testsuite> <!-- DN_GUI.DB_shclog_withdrawal -->
