<?xml version="1.0" encoding="UTF-8"?>
<!-- Generated by org.testng.reporters.JUnitReportReporter -->
<testsuite hostname="BLR1-LTBPKSX52" name="fis.TXNACT.TXNACT_DN" tests="1" failures="0" timestamp="23 Jul 2020 17:03:14 GMT" time="82.828" errors="0">
  <testcase name="readContentTXNACT" time="82.828" classname="fis.TXNACT.TXNACT_DN"/>
</testsuite> <!-- fis.TXNACT.TXNACT_DN -->
