<?xml version="1.0" encoding="UTF-8"?>
<!-- Generated by org.testng.reporters.JUnitReportReporter -->
<testsuite hostname="BLR1-LTBPKSX52" name="DN_GUI.SWITCH_DB_Connect" tests="1" failures="0" timestamp="6 May 2020 17:21:28 GMT" time="2.214" errors="0">
  <testcase name="ist_DB" time="2.214" classname="DN_GUI.SWITCH_DB_Connect"/>
</testsuite> <!-- DN_GUI.SWITCH_DB_Connect -->
