<?xml version="1.0" encoding="UTF-8"?>
<!-- Generated by org.testng.reporters.JUnitReportReporter -->
<testsuite hostname="BLR1-LTBPKSX52" name="fis.DataNavigator.DnInspection" tests="1" failures="0" timestamp="21 May 2020 15:20:15 GMT" time="91.172" errors="0">
  <testcase name="login" time="91.172" classname="fis.DataNavigator.DnInspection"/>
</testsuite> <!-- fis.DataNavigator.DnInspection -->
