<?xml version="1.0" encoding="UTF-8"?>
<!-- Generated by org.testng.reporters.JUnitReportReporter -->
<testsuite hostname="BLR1-LTBPKSX52" name="fis.TXNACT.TXNACT_DN" tests="1" failures="0" timestamp="10 Aug 2020 10:22:23 GMT" time="370.738" errors="0">
  <testcase name="readContentTXNACT" time="370.738" classname="fis.TXNACT.TXNACT_DN"/>
</testsuite> <!-- fis.TXNACT.TXNACT_DN -->
