<?xml version="1.0" encoding="UTF-8"?>
<!-- Generated by org.testng.reporters.JUnitReportReporter -->
<testsuite hostname="BLR1-LTBPKSX52" name="fis.TXNACT.TXNACT_DN" tests="1" failures="0" timestamp="23 Jul 2020 15:19:11 GMT" time="110.604" errors="0">
  <testcase name="readContentTXNACT" time="110.604" classname="fis.TXNACT.TXNACT_DN"/>
</testsuite> <!-- fis.TXNACT.TXNACT_DN -->
