<?xml version="1.0" encoding="UTF-8"?>
<!-- Generated by org.testng.reporters.JUnitReportReporter -->
<testsuite hostname="BLR1-LTBPKSX52" name="DN_GUI.DN_Login" tests="1" failures="0" timestamp="7 May 2020 13:27:15 GMT" time="42.677" errors="0">
  <testcase name="login" time="42.677" classname="DN_GUI.DN_Login"/>
</testsuite> <!-- DN_GUI.DN_Login -->
