<?xml version="1.0" encoding="UTF-8"?>
<!-- Generated by org.testng.reporters.JUnitReportReporter -->
<testsuite hostname="BLR1-LTBPKSX52" name="fis.DataNavigator.ShclogData" tests="1" failures="0" timestamp="21 May 2020 15:16:01 GMT" time="2.371" errors="0">
  <testcase name="getShclogData" time="2.371" classname="fis.DataNavigator.ShclogData"/>
</testsuite> <!-- fis.DataNavigator.ShclogData -->
