<?xml version="1.0" encoding="UTF-8"?>
<!-- Generated by org.testng.reporters.JUnitReportReporter -->
<testsuite hostname="BLR1-LTBPKSX52" name="fis.DataNavigator.ISTDNComparison" tests="1" failures="0" timestamp="5 Aug 2020 07:33:26 GMT" time="112.958" errors="0">
  <testcase name="bblTab" time="112.958" classname="fis.DataNavigator.ISTDNComparison"/>
</testsuite> <!-- fis.DataNavigator.ISTDNComparison -->
