<?xml version="1.0" encoding="UTF-8"?>
<!-- Generated by org.testng.reporters.JUnitReportReporter -->
<testsuite hostname="BLR1-LTBPKSX52" name="DN_GUI.Connect_DN_DB" tests="1" failures="0" timestamp="6 May 2020 08:45:27 GMT" time="2.139" errors="0">
  <testcase name="transaction_validation" time="2.139" classname="DN_GUI.Connect_DN_DB"/>
</testsuite> <!-- DN_GUI.Connect_DN_DB -->
