<?xml version="1.0" encoding="UTF-8"?>
<!-- Generated by org.testng.reporters.JUnitReportReporter -->
<testsuite hostname="BLR1-LTBPKSX52" name="fis.DataNavigator.DnBBLDnSegmentInspection" tests="1" failures="0" timestamp="21 May 2020 10:12:02 GMT" time="138.996" errors="0">
  <testcase name="login" time="138.996" classname="fis.DataNavigator.DnBBLDnSegmentInspection"/>
</testsuite> <!-- fis.DataNavigator.DnBBLDnSegmentInspection -->
